<?xml version="1.0" encoding="UTF-8"?>
<!-- Generated by org.testng.reporters.JUnitReportReporter -->
<testsuite skipped="0" hostname="DESKTOP-M9HHM5I" name="testCases.JunitExam" tests="3" failures="0" timestamp="2020-09-14T20:46:23 CDT" time="43.186" errors="0">
  <testcase name="question1" time="21.466" classname="testCases.JunitExam"/>
  <system-out/>
  <testcase name="question2" time="10.578" classname="testCases.JunitExam"/>
  <system-out/>
  <testcase name="question3" time="11.142" classname="testCases.JunitExam"/>
  <system-out/>
</testsuite> <!-- testCases.JunitExam -->
