<?xml version="1.0" encoding="UTF-8"?>
<!-- Generated by org.testng.reporters.JUnitReportReporter -->
<testsuite skipped="0" hostname="DESKTOP-M9HHM5I" name="testCases.TC_question2" tests="3" failures="0" timestamp="2020-09-14T20:43:46 CDT" time="31.189" errors="0">
  <testcase name="question1" time="11.846" classname="testCases.TC_question2"/>
  <system-out/>
  <testcase name="question2" time="8.280" classname="testCases.TC_question2"/>
  <system-out/>
  <testcase name="question3" time="11.063" classname="testCases.TC_question2"/>
  <system-out/>
</testsuite> <!-- testCases.TC_question2 -->
