<?xml version="1.0" encoding="UTF-8"?>
<!-- Generated by org.testng.reporters.JUnitReportReporter -->
<testsuite skipped="0" hostname="DESKTOP-M9HHM5I" name="testCases.TestNGExam" tests="3" failures="0" timestamp="2020-09-18T19:47:19 CDT" time="42.819" errors="0">
  <testcase name="question2" time="15.131" classname="testCases.TestNGExam"/>
  <system-out/>
  <testcase name="question1" time="15.023" classname="testCases.TestNGExam"/>
  <system-out/>
  <testcase name="question3" time="12.665" classname="testCases.TestNGExam"/>
  <system-out/>
</testsuite> <!-- testCases.TestNGExam -->
