<?xml version="1.0" encoding="UTF-8"?>
<!-- Generated by org.testng.reporters.JUnitReportReporter -->
<testsuite skipped="0" hostname="DESKTOP-M9HHM5I" name="testCases.TC_trial" tests="1" failures="0" timestamp="2020-09-14T09:06:40 CDT" time="2.416" errors="0">
  <testcase name="testsd" time="2.416" classname="testCases.TC_trial"/>
  <system-out/>
</testsuite> <!-- testCases.TC_trial -->
