<?xml version="1.0" encoding="UTF-8"?>
<!-- Generated by org.testng.reporters.JUnitReportReporter -->
<testsuite skipped="0" hostname="DESKTOP-M9HHM5I" name="testCases.TC_question1" tests="3" failures="0" timestamp="2020-09-14T17:41:05 CDT" time="41.858" errors="0">
  <testcase name="question1" time="21.502" classname="testCases.TC_question1"/>
  <system-out/>
  <testcase name="question2" time="10.207" classname="testCases.TC_question1"/>
  <system-out/>
  <testcase name="question3" time="10.149" classname="testCases.TC_question1"/>
  <system-out/>
</testsuite> <!-- testCases.TC_question1 -->
